<?xml version="1.0" encoding="UTF-8"?>
<!-- Generated by org.testng.reporters.JUnitReportReporter -->
<testsuite skipped="0" hostname="LAPTOP-MCMMF3G2" name="practiceBasics.MouseMovementEx2" tests="1" failures="0" timestamp="2020-03-29T12:07:47 IST" time="99.000" errors="0">
  <testcase name="m" time="99.000" classname="practiceBasics.MouseMovementEx2"/>
</testsuite> <!-- practiceBasics.MouseMovementEx2 -->
