<?xml version="1.0" encoding="UTF-8"?>
<!-- Generated by org.testng.reporters.JUnitReportReporter -->
<testsuite skipped="0" hostname="LAPTOP-MCMMF3G2" name="practiceBasics.MouseMovementEx1" tests="1" failures="0" timestamp="2020-05-02T13:04:38 IST" time="17.043" errors="0">
  <testcase name="mousemovement" time="17.043" classname="practiceBasics.MouseMovementEx1"/>
</testsuite> <!-- practiceBasics.MouseMovementEx1 -->
